This is pdfTeX, Version 3.14159265-2.6-1.40.17 (TeX Live 2016) (preloaded format=pdflatex 2016.5.22)  2 MAY 2017 09:41
entering extended mode
 restricted \write18 enabled.
 %&-line parsing enabled.
**typeinst.tex
(./typeinst.tex
LaTeX2e <2016/03/31>
Babel <3.9r> and hyphenation patterns for 83 language(s) loaded.
(./llncs.cls
Document Class: llncs 2015/06/24 v2.20 
 LaTeX document class for Lecture Notes in Computer Science
(/usr/local/texlive/2016/texmf-dist/tex/latex/base/article.cls
Document Class: article 2014/09/29 v1.4h Standard LaTeX document class
(/usr/local/texlive/2016/texmf-dist/tex/latex/base/size10.clo
File: size10.clo 2014/09/29 v1.4h Standard LaTeX file (size option)
)
\c@part=\count79
\c@section=\count80
\c@subsection=\count81
\c@subsubsection=\count82
\c@paragraph=\count83
\c@subparagraph=\count84
\c@figure=\count85
\c@table=\count86
\abovecaptionskip=\skip41
\belowcaptionskip=\skip42
\bibindent=\dimen102
)
(/usr/local/texlive/2016/texmf-dist/tex/latex/tools/multicol.sty
Package: multicol 2016/04/07 v1.8p multicolumn formatting (FMi)
\c@tracingmulticols=\count87
\mult@box=\box26
\multicol@leftmargin=\dimen103
\c@unbalance=\count88
\c@collectmore=\count89
\doublecol@number=\count90
\multicoltolerance=\count91
\multicolpretolerance=\count92
\full@width=\dimen104
\page@free=\dimen105
\premulticols=\dimen106
\postmulticols=\dimen107
\multicolsep=\skip43
\multicolbaselineskip=\skip44
\partial@page=\box27
\last@line=\box28
\maxbalancingoverflow=\dimen108
\mult@rightbox=\box29
\mult@grightbox=\box30
\mult@gfirstbox=\box31
\mult@firstbox=\box32
\@tempa=\box33
\@tempa=\box34
\@tempa=\box35
\@tempa=\box36
\@tempa=\box37
\@tempa=\box38
\@tempa=\box39
\@tempa=\box40
\@tempa=\box41
\@tempa=\box42
\@tempa=\box43
\@tempa=\box44
\@tempa=\box45
\@tempa=\box46
\@tempa=\box47
\@tempa=\box48
\@tempa=\box49
\c@columnbadness=\count93
\c@finalcolumnbadness=\count94
\last@try=\dimen109
\multicolovershoot=\dimen110
\multicolundershoot=\dimen111
\mult@nat@firstbox=\box50
\colbreak@box=\box51
\mc@col@check@num=\count95
)
(/usr/local/texlive/2016/texmf-dist/tex/latex/oberdiek/aliascnt.sty
Package: aliascnt 2016/05/16 v1.4 Alias counters (HO)

(/usr/local/texlive/2016/texmf-dist/tex/latex/carlisle/remreset.sty))
\c@chapter=\count96
LaTeX Font Info:    Redeclaring math symbol \Gamma on input line 362.
LaTeX Font Info:    Redeclaring math symbol \Delta on input line 363.
LaTeX Font Info:    Redeclaring math symbol \Theta on input line 364.
LaTeX Font Info:    Redeclaring math symbol \Lambda on input line 365.
LaTeX Font Info:    Redeclaring math symbol \Xi on input line 366.
LaTeX Font Info:    Redeclaring math symbol \Pi on input line 367.
LaTeX Font Info:    Redeclaring math symbol \Sigma on input line 368.
LaTeX Font Info:    Redeclaring math symbol \Upsilon on input line 369.
LaTeX Font Info:    Redeclaring math symbol \Phi on input line 370.
LaTeX Font Info:    Redeclaring math symbol \Psi on input line 371.
LaTeX Font Info:    Redeclaring math symbol \Omega on input line 372.
\tocchpnum=\dimen112
\tocsecnum=\dimen113
\tocsectotal=\dimen114
\tocsubsecnum=\dimen115
\tocsubsectotal=\dimen116
\tocsubsubsecnum=\dimen117
\tocsubsubsectotal=\dimen118
\tocparanum=\dimen119
\tocparatotal=\dimen120
\tocsubparanum=\dimen121
\@tempcntc=\count97
\fnindent=\dimen122
\c@@inst=\count98
\c@@auth=\count99
\c@auco=\count100
\instindent=\dimen123
\authrun=\box52
\authorrunning=\toks14
\tocauthor=\toks15
\titrun=\box53
\titlerunning=\toks16
\toctitle=\toks17
\c@theorem=\count101
\c@case=\count102
\c@conjecture=\count103
\c@corollary=\count104
\c@definition=\count105
\c@example=\count106
\c@exercise=\count107
\c@lemma=\count108
\c@note=\count109
\c@problem=\count110
\c@property=\count111
\c@proposition=\count112
\c@question=\count113
\c@solution=\count114
\c@remark=\count115
\headlineindent=\dimen124
)
(/usr/local/texlive/2016/texmf-dist/tex/latex/amscls/amsthm.sty
Package: amsthm 2015/03/04 v2.20.2
\thm@style=\toks18
\thm@bodyfont=\toks19
\thm@headfont=\toks20
\thm@notefont=\toks21
\thm@headpunct=\toks22
\thm@preskip=\skip45
\thm@postskip=\skip46
\thm@headsep=\skip47
\dth@everypar=\toks23
LaTeX Info: Redefining \qed on input line 264.
)
(/usr/local/texlive/2016/texmf-dist/tex/latex/amsfonts/amssymb.sty
Package: amssymb 2013/01/14 v3.01 AMS font symbols

(/usr/local/texlive/2016/texmf-dist/tex/latex/amsfonts/amsfonts.sty
Package: amsfonts 2013/01/14 v3.01 Basic AMSFonts support
\@emptytoks=\toks24
\symAMSa=\mathgroup4
\symAMSb=\mathgroup5
LaTeX Font Info:    Overwriting math alphabet `\mathfrak' in version `bold'
(Font)                  U/euf/m/n --> U/euf/b/n on input line 106.
))
(/usr/local/texlive/2016/texmf-dist/tex/latex/amsmath/amsmath.sty
Package: amsmath 2016/03/10 v2.15b AMS math features
\@mathmargin=\skip48

For additional information on amsmath, use the `?' option.
(/usr/local/texlive/2016/texmf-dist/tex/latex/amsmath/amstext.sty
Package: amstext 2000/06/29 v2.01 AMS text

(/usr/local/texlive/2016/texmf-dist/tex/latex/amsmath/amsgen.sty
File: amsgen.sty 1999/11/30 v2.0 generic functions
\@emptytoks=\toks25
\ex@=\dimen125
))
(/usr/local/texlive/2016/texmf-dist/tex/latex/amsmath/amsbsy.sty
Package: amsbsy 1999/11/29 v1.2d Bold Symbols
\pmbraise@=\dimen126
)
(/usr/local/texlive/2016/texmf-dist/tex/latex/amsmath/amsopn.sty
Package: amsopn 2016/03/08 v2.02 operator names
)
\inf@bad=\count116
LaTeX Info: Redefining \frac on input line 199.
\uproot@=\count117
\leftroot@=\count118
LaTeX Info: Redefining \overline on input line 297.
\classnum@=\count119
\DOTSCASE@=\count120
LaTeX Info: Redefining \ldots on input line 394.
LaTeX Info: Redefining \dots on input line 397.
LaTeX Info: Redefining \cdots on input line 518.
\Mathstrutbox@=\box54
\strutbox@=\box55
\big@size=\dimen127
LaTeX Font Info:    Redeclaring font encoding OML on input line 634.
LaTeX Font Info:    Redeclaring font encoding OMS on input line 635.


Package amsmath Warning: Unable to redefine math accent \vec.

\macc@depth=\count121
\c@MaxMatrixCols=\count122
\dotsspace@=\muskip10
\c@parentequation=\count123
\dspbrk@lvl=\count124
\tag@help=\toks26
\row@=\count125
\column@=\count126
\maxfields@=\count127
\andhelp@=\toks27
\eqnshift@=\dimen128
\alignsep@=\dimen129
\tagshift@=\dimen130
\tagwidth@=\dimen131
\totwidth@=\dimen132
\lineht@=\dimen133
\@envbody=\toks28
\multlinegap=\skip49
\multlinetaggap=\skip50
\mathdisplay@stack=\toks29
LaTeX Info: Redefining \[ on input line 2739.
LaTeX Info: Redefining \] on input line 2740.
) (/usr/local/texlive/2016/texmf-dist/tex/latex/graphics/graphicx.sty
Package: graphicx 2014/10/28 v1.0g Enhanced LaTeX Graphics (DPC,SPQR)

(/usr/local/texlive/2016/texmf-dist/tex/latex/graphics/keyval.sty
Package: keyval 2014/10/28 v1.15 key=value parser (DPC)
\KV@toks@=\toks30
)
(/usr/local/texlive/2016/texmf-dist/tex/latex/graphics/graphics.sty
Package: graphics 2016/05/09 v1.0r Standard LaTeX Graphics (DPC,SPQR)

(/usr/local/texlive/2016/texmf-dist/tex/latex/graphics/trig.sty
Package: trig 2016/01/03 v1.10 sin cos tan (DPC)
)
(/usr/local/texlive/2016/texmf-dist/tex/latex/graphics-cfg/graphics.cfg
File: graphics.cfg 2016/01/02 v1.10 sample graphics configuration
)
Package graphics Info: Driver file: pdftex.def on input line 96.

(/usr/local/texlive/2016/texmf-dist/tex/latex/pdftex-def/pdftex.def
File: pdftex.def 2011/05/27 v0.06d Graphics/color for pdfTeX

(/usr/local/texlive/2016/texmf-dist/tex/generic/oberdiek/infwarerr.sty
Package: infwarerr 2016/05/16 v1.4 Providing info/warning/error messages (HO)
)
(/usr/local/texlive/2016/texmf-dist/tex/generic/oberdiek/ltxcmds.sty
Package: ltxcmds 2016/05/16 v1.23 LaTeX kernel commands for general use (HO)
)
\Gread@gobject=\count128
))
\Gin@req@height=\dimen134
\Gin@req@width=\dimen135
)
(/usr/local/texlive/2016/texmf-dist/tex/latex/caption/subcaption.sty
Package: subcaption 2016/02/20 v1.1-142 Sub-captions (AR)

(/usr/local/texlive/2016/texmf-dist/tex/latex/caption/caption.sty
Package: caption 2016/02/21 v3.3-144 Customizing captions (AR)

(/usr/local/texlive/2016/texmf-dist/tex/latex/caption/caption3.sty
Package: caption3 2016/02/04 v1.7-139 caption3 kernel (AR)
Package caption3 Info: TeX engine: e-TeX on input line 67.
\captionmargin=\dimen136
\captionmargin@=\dimen137
\captionwidth=\dimen138
\caption@tempdima=\dimen139
\caption@indent=\dimen140
\caption@parindent=\dimen141
\caption@hangindent=\dimen142
Package caption Info: Unknown document class (or package),
(caption)             standard defaults will be used.
)

Package caption Warning: Unsupported document class (or package) detected,
(caption)                usage of the caption package is not recommended.
See the caption package documentation for explanation.

Package caption Info: \@makecaption = \long macro:#1#2->\small \vskip \abovecap
tionskip \sbox \@tempboxa {{\bfseries #1.} #2}\ifdim \wd \@tempboxa >\hsize {\b
fseries #1.} #2\par \else \global \@minipagefalse \hb@xt@ \hsize {\hfil \box \@
tempboxa \hfil }\fi \vskip \belowcaptionskip .
\c@ContinuedFloat=\count129
)
\c@subfigure=\count130
\c@subtable=\count131
) (/usr/local/texlive/2016/texmf-dist/tex/latex/booktabs/booktabs.sty
Package: booktabs 2016/04/27 v1.618033 publication quality tables
\heavyrulewidth=\dimen143
\lightrulewidth=\dimen144
\cmidrulewidth=\dimen145
\belowrulesep=\dimen146
\belowbottomsep=\dimen147
\aboverulesep=\dimen148
\abovetopsep=\dimen149
\cmidrulesep=\dimen150
\cmidrulekern=\dimen151
\defaultaddspace=\dimen152
\@cmidla=\count132
\@cmidlb=\count133
\@aboverulesep=\dimen153
\@belowrulesep=\dimen154
\@thisruleclass=\count134
\@lastruleclass=\count135
\@thisrulewidth=\dimen155
)
(/usr/local/texlive/2016/texmf-dist/tex/latex/multirow/multirow.sty
\bigstrutjot=\dimen156
)
(/usr/local/texlive/2016/texmf-dist/tex/latex/url/url.sty
\Urlmuskip=\muskip11
Package: url 2013/09/16  ver 3.4  Verb mode for urls, etc.
) (./typeinst.aux)
\openout1 = `typeinst.aux'.

LaTeX Font Info:    Checking defaults for OML/cmm/m/it on input line 53.
LaTeX Font Info:    ... okay on input line 53.
LaTeX Font Info:    Checking defaults for T1/cmr/m/n on input line 53.
LaTeX Font Info:    ... okay on input line 53.
LaTeX Font Info:    Checking defaults for OT1/cmr/m/n on input line 53.
LaTeX Font Info:    ... okay on input line 53.
LaTeX Font Info:    Checking defaults for OMS/cmsy/m/n on input line 53.
LaTeX Font Info:    ... okay on input line 53.
LaTeX Font Info:    Checking defaults for OMX/cmex/m/n on input line 53.
LaTeX Font Info:    ... okay on input line 53.
LaTeX Font Info:    Checking defaults for U/cmr/m/n on input line 53.
LaTeX Font Info:    ... okay on input line 53.

(/usr/local/texlive/2016/texmf-dist/tex/context/base/mkii/supp-pdf.mkii
[Loading MPS to PDF converter (version 2006.09.02).]
\scratchcounter=\count136
\scratchdimen=\dimen157
\scratchbox=\box56
\nofMPsegments=\count137
\nofMParguments=\count138
\everyMPshowfont=\toks31
\MPscratchCnt=\count139
\MPscratchDim=\dimen158
\MPnumerator=\count140
\makeMPintoPDFobject=\count141
\everyMPtoPDFconversion=\toks32
) (/usr/local/texlive/2016/texmf-dist/tex/generic/oberdiek/pdftexcmds.sty
Package: pdftexcmds 2016/05/10 v0.21 Utility functions of pdfTeX for LuaTeX (HO
)

(/usr/local/texlive/2016/texmf-dist/tex/generic/oberdiek/ifluatex.sty
Package: ifluatex 2016/05/16 v1.4 Provides the ifluatex switch (HO)
Package ifluatex Info: LuaTeX not detected.
)
(/usr/local/texlive/2016/texmf-dist/tex/generic/oberdiek/ifpdf.sty
Package: ifpdf 2016/05/14 v3.1 Provides the ifpdf switch
)
Package pdftexcmds Info: LuaTeX not detected.
Package pdftexcmds Info: \pdf@primitive is available.
Package pdftexcmds Info: \pdf@ifprimitive is available.
Package pdftexcmds Info: \pdfdraftmode found.
)
(/usr/local/texlive/2016/texmf-dist/tex/latex/oberdiek/epstopdf-base.sty
Package: epstopdf-base 2016/05/15 v2.6 Base part for package epstopdf

(/usr/local/texlive/2016/texmf-dist/tex/latex/oberdiek/grfext.sty
Package: grfext 2016/05/16 v1.2 Manage graphics extensions (HO)

(/usr/local/texlive/2016/texmf-dist/tex/generic/oberdiek/kvdefinekeys.sty
Package: kvdefinekeys 2016/05/16 v1.4 Define keys (HO)
))
(/usr/local/texlive/2016/texmf-dist/tex/latex/oberdiek/kvoptions.sty
Package: kvoptions 2016/05/16 v3.12 Key value format for package options (HO)

(/usr/local/texlive/2016/texmf-dist/tex/generic/oberdiek/kvsetkeys.sty
Package: kvsetkeys 2016/05/16 v1.17 Key value parser (HO)

(/usr/local/texlive/2016/texmf-dist/tex/generic/oberdiek/etexcmds.sty
Package: etexcmds 2016/05/16 v1.6 Avoid name clashes with e-TeX commands (HO)
Package etexcmds Info: Could not find \expanded.
(etexcmds)             That can mean that you are not using pdfTeX 1.50 or
(etexcmds)             that some package has redefined \expanded.
(etexcmds)             In the latter case, load this package earlier.
)))
Package grfext Info: Graphics extension search list:
(grfext)             [.png,.pdf,.jpg,.mps,.jpeg,.jbig2,.jb2,.PNG,.PDF,.JPG,.JPE
G,.JBIG2,.JB2,.eps]
(grfext)             \AppendGraphicsExtensions on input line 456.

(/usr/local/texlive/2016/texmf-dist/tex/latex/latexconfig/epstopdf-sys.cfg
File: epstopdf-sys.cfg 2010/07/13 v1.3 Configuration of (r)epstopdf for TeX Liv
e
))
Package caption Info: Begin \AtBeginDocument code.
Package caption Info: Incompatible package detected (regarding \@caption).
(caption)             \@caption = \long macro:#1[#2]#3->\par \addcontentsline {
\csname ext@#1\endcsname }{#1}{\protect \numberline {\csname the#1\endcsname }{
\ignorespaces #2}}\begingroup \@parboxrestore \@makecaption {\csname fnum@#1\en
dcsname }{\ignorespaces #3}\par \endgroup .


Package caption Warning: Forced redefinition of \caption since the
(caption)                unsupported(!) package option `compatibility=false'
(caption)                was given.
See the caption package documentation for explanation.

Package caption Info: End \AtBeginDocument code.
LaTeX Font Info:    Try loading font information for U+msa on input line 98.
(/usr/local/texlive/2016/texmf-dist/tex/latex/amsfonts/umsa.fd
File: umsa.fd 2013/01/14 v3.01 AMS symbols A
)
LaTeX Font Info:    Try loading font information for U+msb on input line 98.

(/usr/local/texlive/2016/texmf-dist/tex/latex/amsfonts/umsb.fd
File: umsb.fd 2013/01/14 v3.01 AMS symbols B
)
Underfull \hbox (badness 10000) in paragraph at lines 109--110

 []

[1


{/usr/local/texlive/2016/texmf-var/fonts/map/pdftex/updmap/pdftex.map}]
[2]
Underfull \hbox (badness 10000) in paragraph at lines 129--131

 []


Overfull \hbox (23.1976pt too wide) in paragraph at lines 138--144
\OT1/cmr/m/n/10 (3) The POD ba-sis is se-lected by the $\OML/cmm/m/it/10 k\OT1/
cmr/m/n/10 (\OML/cmm/m/it/10 k << n\OT1/cmr/m/n/10 )$ left-singular vec-tors of
 $X$corresponding
 []


Underfull \hbox (badness 10000) in paragraph at lines 138--144

 []

[3]
Underfull \hbox (badness 10000) in paragraph at lines 156--157

 []


Underfull \hbox (badness 10000) in paragraph at lines 158--159

 []


Underfull \hbox (badness 10000) in paragraph at lines 161--163

 []


Overfull \hbox (90.87941pt too wide) in paragraph at lines 167--169
\OT1/cmr/m/n/10 and ap-prox-i-mated with $\OML/cmm/m/it/10 W[] \OMS/cmsy/m/n/10
 ^^Y []$\OT1/cmr/m/n/10 . There-fore, $[](\OML/cmm/m/it/10 q\OT1/cmr/m/n/10 ) \
OMS/cmsy/m/n/10 ^^Q [][]$
 []


Underfull \hbox (badness 10000) in paragraph at lines 171--173

 []

[4]
Overfull \hbox (26.95174pt too wide) in paragraph at lines 183--186
\OT1/cmr/m/n/10 by us-ing SCE method and solv-ing the ad-joint sys-tem de-fined
 by $[] = \OMS/cmsy/m/n/10 ^^@\OML/cmm/m/it/10 J[]\OT1/cmr/m/n/10 ([]\OML/cmm/m
/it/10 ; t\OT1/cmr/m/n/10 )\OML/cmm/m/it/10 ^^U[]\OT1/cmr/m/n/10 (\OML/cmm/m/it
/10 t\OT1/cmr/m/n/10 )$
 []


Underfull \hbox (badness 10000) in paragraph at lines 195--198

 []

[5]
Underfull \hbox (badness 10000) in paragraph at lines 198--199

 []


Overfull \hbox (9.38913pt too wide) in paragraph at lines 205--206
\OT1/cmr/m/n/10 straints Eq.(8[]), it gives $[][] \OML/cmm/m/it/10 a[]U[]\OT1/c
mr/m/n/10 (\OML/cmm/m/it/10 k; j\OT1/cmr/m/n/10 )\OML/cmm/m/it/10 z[] \OMS/cmsy
/m/n/10 ^^@ j\OML/cmm/m/it/10 a[]\OMS/cmsy/m/n/10 j\OML/cmm/m/it/10 ^^N[] < a[]
x[] < [][] a[]U[]\OT1/cmr/m/n/10 (\OML/cmm/m/it/10 k; j\OT1/cmr/m/n/10 )\OML/cm
m/m/it/10 z[] \OT1/cmr/m/n/10 +
 []


Underfull \hbox (badness 10000) in paragraph at lines 218--220

 []


Underfull \hbox (badness 10000) in paragraph at lines 222--223

 []

[6]
Overfull \hbox (39.04427pt too wide) in paragraph at lines 242--242
[] 
 []


Overfull \hbox (85.38315pt too wide) in paragraph at lines 242--247
\OT1/cmr/m/n/10 Given the ini-tial con-di-tional re-gion $\OML/cmm/m/it/10 X[] 
\OT1/cmr/m/n/10 = []$
 []

[7]
Package epstopdf Info: Source file: <images/IC1x_k2comapre.eps>
(epstopdf)                    date: 2017-04-19 23:52:23
(epstopdf)                    size: 47521 bytes
(epstopdf)             Output file: <images/IC1x_k2comapre-eps-converted-to.pdf
>
(epstopdf)                    date: 2017-04-19 23:55:02
(epstopdf)                    size: 16413 bytes
(epstopdf)             Command: <repstopdf --outfile=images/IC1x_k2comapre-eps-
converted-to.pdf images/IC1x_k2comapre.eps>
(epstopdf)             \includegraphics on input line 251.
Package epstopdf Info: Output file is already uptodate.

<images/IC1x_k2comapre-eps-converted-to.pdf, id=47, 638.385pt x 376.40625pt>
File: images/IC1x_k2comapre-eps-converted-to.pdf Graphic file (type pdf)

<use images/IC1x_k2comapre-eps-converted-to.pdf>
Package pdftex.def Info: images/IC1x_k2comapre-eps-converted-to.pdf used on inp
ut line 251.
(pdftex.def)             Requested size: 184.9429pt x 109.04588pt.

Overfull \hbox (11.38113pt too wide) in paragraph at lines 251--253
 [][] 
 []

Package epstopdf Info: Source file: <images/IC1z_k2comapre.eps>
(epstopdf)                    date: 2017-04-19 23:51:06
(epstopdf)                    size: 36755 bytes
(epstopdf)             Output file: <images/IC1z_k2comapre-eps-converted-to.pdf
>
(epstopdf)                    date: 2017-04-19 23:57:56
(epstopdf)                    size: 12787 bytes
(epstopdf)             Command: <repstopdf --outfile=images/IC1z_k2comapre-eps-
converted-to.pdf images/IC1z_k2comapre.eps>
(epstopdf)             \includegraphics on input line 256.
Package epstopdf Info: Output file is already uptodate.
<images/IC1z_k2comapre-eps-converted-to.pdf, id=48, 638.385pt x 376.40625pt>
File: images/IC1z_k2comapre-eps-converted-to.pdf Graphic file (type pdf)

<use images/IC1z_k2comapre-eps-converted-to.pdf>
Package pdftex.def Info: images/IC1z_k2comapre-eps-converted-to.pdf used on inp
ut line 256.
(pdftex.def)             Requested size: 184.9429pt x 109.04588pt.

Overfull \hbox (11.38113pt too wide) in paragraph at lines 256--258
 [][] 
 []

Package epstopdf Info: Source file: <images/IC_line_r.eps>
(epstopdf)                    date: 2017-04-20 14:56:34
(epstopdf)                    size: 18525 bytes
(epstopdf)             Output file: <images/IC_line_r-eps-converted-to.pdf>
(epstopdf)                    date: 2017-04-20 14:58:48
(epstopdf)                    size: 5643 bytes
(epstopdf)             Command: <repstopdf --outfile=images/IC_line_r-eps-conve
rted-to.pdf images/IC_line_r.eps>
(epstopdf)             \includegraphics on input line 266.
Package epstopdf Info: Output file is already uptodate.
<images/IC_line_r-eps-converted-to.pdf, id=49, 638.385pt x 380.42125pt>
File: images/IC_line_r-eps-converted-to.pdf Graphic file (type pdf)

<use images/IC_line_r-eps-converted-to.pdf>
Package pdftex.def Info: images/IC_line_r-eps-converted-to.pdf used on input li
ne 266.
(pdftex.def)             Requested size: 184.9429pt x 110.20903pt.

Overfull \hbox (11.38113pt too wide) in paragraph at lines 266--268
 [][] 
 []

Package epstopdf Info: Source file: <images/IC1compare_flowpip.eps>
(epstopdf)                    date: 2017-04-19 23:48:15
(epstopdf)                    size: 21631 bytes
(epstopdf)             Output file: <images/IC1compare_flowpip-eps-converted-to
.pdf>
(epstopdf)                    date: 2017-04-20 00:05:01
(epstopdf)                    size: 6186 bytes
(epstopdf)             Command: <repstopdf --outfile=images/IC1compare_flowpip-
eps-converted-to.pdf images/IC1compare_flowpip.eps>
(epstopdf)             \includegraphics on input line 271.
Package epstopdf Info: Output file is already uptodate.

<images/IC1compare_flowpip-eps-converted-to.pdf, id=50, 638.385pt x 376.40625pt
>
File: images/IC1compare_flowpip-eps-converted-to.pdf Graphic file (type pdf)
 <use images/IC1compare_flowpip-eps-converted-to.pdf>
Package pdftex.def Info: images/IC1compare_flowpip-eps-converted-to.pdf used on
 input line 271.
(pdftex.def)             Requested size: 184.9429pt x 109.04588pt.

Overfull \hbox (11.38113pt too wide) in paragraph at lines 271--273
 [][] 
 []

[8 <./images/IC1x_k2comapre-eps-converted-to.pdf> <./images/IC1z_k2comapre-eps-
converted-to.pdf> <./images/IC_line_r-eps-converted-to.pdf> <./images/IC1compar
e_flowpip-eps-converted-to.pdf>]
Package epstopdf Info: Source file: <images/IC2x_k2comapre.eps>
(epstopdf)                    date: 2017-04-30 17:40:28
(epstopdf)                    size: 47234 bytes
(epstopdf)             Output file: <images/IC2x_k2comapre-eps-converted-to.pdf
>
(epstopdf)                    date: 2017-04-30 17:46:18
(epstopdf)                    size: 16475 bytes
(epstopdf)             Command: <repstopdf --outfile=images/IC2x_k2comapre-eps-
converted-to.pdf images/IC2x_k2comapre.eps>
(epstopdf)             \includegraphics on input line 302.
Package epstopdf Info: Output file is already uptodate.

<images/IC2x_k2comapre-eps-converted-to.pdf, id=74, 638.385pt x 382.42876pt>
File: images/IC2x_k2comapre-eps-converted-to.pdf Graphic file (type pdf)

<use images/IC2x_k2comapre-eps-converted-to.pdf>
Package pdftex.def Info: images/IC2x_k2comapre-eps-converted-to.pdf used on inp
ut line 302.
(pdftex.def)             Requested size: 184.9429pt x 110.79062pt.

Overfull \hbox (11.38113pt too wide) in paragraph at lines 302--304
 [][] 
 []

Package epstopdf Info: Source file: <images/IC2z_k2comapre.eps>
(epstopdf)                    date: 2017-04-30 17:42:58
(epstopdf)                    size: 36409 bytes
(epstopdf)             Output file: <images/IC2z_k2comapre-eps-converted-to.pdf
>
(epstopdf)                    date: 2017-04-30 17:46:19
(epstopdf)                    size: 12929 bytes
(epstopdf)             Command: <repstopdf --outfile=images/IC2z_k2comapre-eps-
converted-to.pdf images/IC2z_k2comapre.eps>
(epstopdf)             \includegraphics on input line 307.
Package epstopdf Info: Output file is already uptodate.
<images/IC2z_k2comapre-eps-converted-to.pdf, id=75, 638.385pt x 382.42876pt>
File: images/IC2z_k2comapre-eps-converted-to.pdf Graphic file (type pdf)

<use images/IC2z_k2comapre-eps-converted-to.pdf>
Package pdftex.def Info: images/IC2z_k2comapre-eps-converted-to.pdf used on inp
ut line 307.
(pdftex.def)             Requested size: 184.9429pt x 110.79062pt.

Overfull \hbox (11.38113pt too wide) in paragraph at lines 307--309
 [][] 
 []

Package epstopdf Info: Source file: <images/IC_r.eps>
(epstopdf)                    date: 2017-04-20 14:45:51
(epstopdf)                    size: 18031 bytes
(epstopdf)             Output file: <images/IC_r-eps-converted-to.pdf>
(epstopdf)                    date: 2017-04-20 16:48:20
(epstopdf)                    size: 5748 bytes
(epstopdf)             Command: <repstopdf --outfile=images/IC_r-eps-converted-
to.pdf images/IC_r.eps>
(epstopdf)             \includegraphics on input line 317.
Package epstopdf Info: Output file is already uptodate.
<images/IC_r-eps-converted-to.pdf, id=76, 638.385pt x 378.41376pt>
File: images/IC_r-eps-converted-to.pdf Graphic file (type pdf)

<use images/IC_r-eps-converted-to.pdf>
Package pdftex.def Info: images/IC_r-eps-converted-to.pdf used on input line 31
7.
(pdftex.def)             Requested size: 184.9429pt x 109.62746pt.

Overfull \hbox (11.38113pt too wide) in paragraph at lines 317--319
 [][] 
 []

Package epstopdf Info: Source file: <images/IC2compare_flowpip.eps>
(epstopdf)                    date: 2017-04-30 17:34:26
(epstopdf)                    size: 21381 bytes
(epstopdf)             Output file: <images/IC2compare_flowpip-eps-converted-to
.pdf>
(epstopdf)                    date: 2017-04-30 17:46:19
(epstopdf)                    size: 6355 bytes
(epstopdf)             Command: <repstopdf --outfile=images/IC2compare_flowpip-
eps-converted-to.pdf images/IC2compare_flowpip.eps>
(epstopdf)             \includegraphics on input line 322.
Package epstopdf Info: Output file is already uptodate.

<images/IC2compare_flowpip-eps-converted-to.pdf, id=77, 638.385pt x 381.425pt>
File: images/IC2compare_flowpip-eps-converted-to.pdf Graphic file (type pdf)

<use images/IC2compare_flowpip-eps-converted-to.pdf>
Package pdftex.def Info: images/IC2compare_flowpip-eps-converted-to.pdf used on
 input line 322.
(pdftex.def)             Requested size: 184.9429pt x 110.49983pt.

Overfull \hbox (11.38113pt too wide) in paragraph at lines 322--324
 [][] 
 []


LaTeX Warning: `h' float specifier changed to `ht'.

Missing character: There is no ‚ in font cmr10!
Missing character: There is no Ä in font cmr10!
Missing character: There is no ô in font cmr10!
[9 <./images/IC2x_k2comapre-eps-converted-to.pdf> <./images/IC2z_k2comapre-eps-
converted-to.pdf>]
Overfull \hbox (18.28441pt too wide) in paragraph at lines 350--352
\OT1/cmr/m/n/10 con-di-tional re-gion $[] = []$
 []

Package epstopdf Info: Source file: <images/Fluidcomparek3x.eps>
(epstopdf)                    date: 2017-04-20 00:48:11
(epstopdf)                    size: 37541 bytes
(epstopdf)             Output file: <images/Fluidcomparek3x-eps-converted-to.pd
f>
(epstopdf)                    date: 2017-04-20 00:49:10
(epstopdf)                    size: 12308 bytes
(epstopdf)             Command: <repstopdf --outfile=images/Fluidcomparek3x-eps
-converted-to.pdf images/Fluidcomparek3x.eps>
(epstopdf)             \includegraphics on input line 357.
Package epstopdf Info: Output file is already uptodate.
<images/Fluidcomparek3x-eps-converted-to.pdf, id=91, 638.385pt x 378.41376pt>
File: images/Fluidcomparek3x-eps-converted-to.pdf Graphic file (type pdf)

<use images/Fluidcomparek3x-eps-converted-to.pdf>
Package pdftex.def Info: images/Fluidcomparek3x-eps-converted-to.pdf used on in
put line 357.
(pdftex.def)             Requested size: 184.9429pt x 109.62746pt.

Overfull \hbox (11.38113pt too wide) in paragraph at lines 357--359
 [][] 
 []

Package epstopdf Info: Source file: <images/Fluidcomparek3z.eps>
(epstopdf)                    date: 2017-04-20 00:35:35
(epstopdf)                    size: 38105 bytes
(epstopdf)             Output file: <images/Fluidcomparek3z-eps-converted-to.pd
f>
(epstopdf)                    date: 2017-04-20 00:41:36
(epstopdf)                    size: 11617 bytes
(epstopdf)             Command: <repstopdf --outfile=images/Fluidcomparek3z-eps
-converted-to.pdf images/Fluidcomparek3z.eps>
(epstopdf)             \includegraphics on input line 362.
Package epstopdf Info: Output file is already uptodate.
<images/Fluidcomparek3z-eps-converted-to.pdf, id=92, 638.385pt x 378.41376pt>
File: images/Fluidcomparek3z-eps-converted-to.pdf Graphic file (type pdf)

<use images/Fluidcomparek3z-eps-converted-to.pdf>
Package pdftex.def Info: images/Fluidcomparek3z-eps-converted-to.pdf used on in
put line 362.
(pdftex.def)             Requested size: 184.9429pt x 109.62746pt.

Overfull \hbox (11.38113pt too wide) in paragraph at lines 362--364
 [][] 
 []


LaTeX Warning: `h' float specifier changed to `ht'.

Package epstopdf Info: Source file: <images/Fluid_r.eps>
(epstopdf)                    date: 2017-04-20 14:49:54
(epstopdf)                    size: 17912 bytes
(epstopdf)             Output file: <images/Fluid_r-eps-converted-to.pdf>
(epstopdf)                    date: 2017-04-20 16:55:03
(epstopdf)                    size: 5616 bytes
(epstopdf)             Command: <repstopdf --outfile=images/Fluid_r-eps-convert
ed-to.pdf images/Fluid_r.eps>
(epstopdf)             \includegraphics on input line 373.
Package epstopdf Info: Output file is already uptodate.
<images/Fluid_r-eps-converted-to.pdf, id=93, 638.385pt x 379.4175pt>
File: images/Fluid_r-eps-converted-to.pdf Graphic file (type pdf)

<use images/Fluid_r-eps-converted-to.pdf>
Package pdftex.def Info: images/Fluid_r-eps-converted-to.pdf used on input line
 373.
(pdftex.def)             Requested size: 184.9429pt x 109.91824pt.

Overfull \hbox (11.38113pt too wide) in paragraph at lines 373--375
 [][] 
 []

Package epstopdf Info: Source file: <images/Fluidflowpipe_compare.eps>
(epstopdf)                    date: 2017-04-20 00:31:12
(epstopdf)                    size: 19664 bytes
(epstopdf)             Output file: <images/Fluidflowpipe_compare-eps-converted
-to.pdf>
(epstopdf)                    date: 2017-04-20 00:41:55
(epstopdf)                    size: 5858 bytes
(epstopdf)             Command: <repstopdf --outfile=images/Fluidflowpipe_compa
re-eps-converted-to.pdf images/Fluidflowpipe_compare.eps>
(epstopdf)             \includegraphics on input line 378.
Package epstopdf Info: Output file is already uptodate.

<images/Fluidflowpipe_compare-eps-converted-to.pdf, id=94, 638.385pt x 378.4137
6pt>
File: images/Fluidflowpipe_compare-eps-converted-to.pdf Graphic file (type pdf)

 <use images/Fluidflowpipe_compare-eps-converted-to.pdf>
Package pdftex.def Info: images/Fluidflowpipe_compare-eps-converted-to.pdf used
 on input line 378.
(pdftex.def)             Requested size: 184.9429pt x 109.62746pt.

Overfull \hbox (11.38113pt too wide) in paragraph at lines 378--380
 [][] 
 []


LaTeX Warning: `h' float specifier changed to `ht'.

[10 <./images/IC_r-eps-converted-to.pdf> <./images/IC2compare_flowpip-eps-conve
rted-to.pdf>] [11 <./images/Fluidcomparek3x-eps-converted-to.pdf> <./images/Flu
idcomparek3z-eps-converted-to.pdf> <./images/Fluid_r-eps-converted-to.pdf> <./i
mages/Fluidflowpipe_compare-eps-converted-to.pdf>]
Package epstopdf Info: Source file: <images/p53_singular_value_log.eps>
(epstopdf)                    date: 2017-04-25 16:02:40
(epstopdf)                    size: 22600 bytes
(epstopdf)             Output file: <images/p53_singular_value_log-eps-converte
d-to.pdf>
(epstopdf)                    date: 2017-04-25 16:18:19
(epstopdf)                    size: 6891 bytes
(epstopdf)             Command: <repstopdf --outfile=images/p53_singular_value_
log-eps-converted-to.pdf images/p53_singular_value_log.eps>
(epstopdf)             \includegraphics on input line 432.
Package epstopdf Info: Output file is already uptodate.

<images/p53_singular_value_log-eps-converted-to.pdf, id=131, 638.385pt x 381.42
5pt>
File: images/p53_singular_value_log-eps-converted-to.pdf Graphic file (type pdf
)
 <use images/p53_singular_value_log-eps-converted-to.pdf>
Package pdftex.def Info: images/p53_singular_value_log-eps-converted-to.pdf use
d on input line 432.
(pdftex.def)             Requested size: 184.9429pt x 110.49983pt.

Overfull \hbox (11.38113pt too wide) in paragraph at lines 432--434
 [][] 
 []

Package epstopdf Info: Source file: <images/Fluid_singular_value_log.eps>
(epstopdf)                    date: 2017-04-25 16:10:15
(epstopdf)                    size: 107093 bytes
(epstopdf)             Output file: <images/Fluid_singular_value_log-eps-conver
ted-to.pdf>
(epstopdf)                    date: 2017-04-25 16:18:19
(epstopdf)                    size: 16927 bytes
(epstopdf)             Command: <repstopdf --outfile=images/Fluid_singular_valu
e_log-eps-converted-to.pdf images/Fluid_singular_value_log.eps>
(epstopdf)             \includegraphics on input line 437.
Package epstopdf Info: Output file is already uptodate.

<images/Fluid_singular_value_log-eps-converted-to.pdf, id=132, 638.385pt x 381.
425pt>
File: images/Fluid_singular_value_log-eps-converted-to.pdf Graphic file (type p
df)
 <use images/Fluid_singular_value_log-eps-converted-to.pdf>
Package pdftex.def Info: images/Fluid_singular_value_log-eps-converted-to.pdf u
sed on input line 437.
(pdftex.def)             Requested size: 184.9429pt x 110.49983pt.

Overfull \hbox (11.38113pt too wide) in paragraph at lines 437--439
 [][] 
 []


LaTeX Warning: `h' float specifier changed to `ht'.


Overfull \hbox (38.29588pt too wide) in paragraph at lines 448--479
 [][] 
 []

(./typeinst.bbl [12] [13] [14]
Missing character: There is no ≈ in font cmr9!
Missing character: There is no Ñ in font cmr9!
Missing character: There is no √ in font cmr9!
Missing character: There is no Å in font cmr9!
Missing character: There is no √ in font cmr9!
Missing character: There is no ° in font cmr9!
 [15 <./images/p53_singular_value_log-eps-converted-to.pdf> <./images/Fluid_sin
gular_value_log-eps-converted-to.pdf>]) [16]
(./typeinst.aux) ) 
Here is how much of TeX's memory you used:
 4261 strings out of 493014
 63247 string characters out of 6133351
 149842 words of memory out of 5000000
 7703 multiletter control sequences out of 15000+600000
 12056 words of font info for 46 fonts, out of 8000000 for 9000
 1141 hyphenation exceptions out of 8191
 42i,16n,46p,1502b,489s stack positions out of 5000i,500n,10000p,200000b,80000s
</usr/local/texlive/2016/texmf-dist/fonts/type1/public/amsfon
ts/cm/cmbx10.pfb></usr/local/texlive/2016/texmf-dist/fonts/type1/public/amsfont
s/cm/cmbx12.pfb></usr/local/texlive/2016/texmf-dist/fonts/type1/public/amsfonts
/cm/cmbx5.pfb></usr/local/texlive/2016/texmf-dist/fonts/type1/public/amsfonts/c
m/cmbx7.pfb></usr/local/texlive/2016/texmf-dist/fonts/type1/public/amsfonts/cm/
cmbx9.pfb></usr/local/texlive/2016/texmf-dist/fonts/type1/public/amsfonts/cm/cm
ex10.pfb></usr/local/texlive/2016/texmf-dist/fonts/type1/public/amsfonts/cmextr
a/cmex7.pfb></usr/local/texlive/2016/texmf-dist/fonts/type1/public/amsfonts/cm/
cmmi10.pfb></usr/local/texlive/2016/texmf-dist/fonts/type1/public/amsfonts/cm/c
mmi5.pfb></usr/local/texlive/2016/texmf-dist/fonts/type1/public/amsfonts/cm/cmm
i6.pfb></usr/local/texlive/2016/texmf-dist/fonts/type1/public/amsfonts/cm/cmmi7
.pfb></usr/local/texlive/2016/texmf-dist/fonts/type1/public/amsfonts/cm/cmmi9.p
fb></usr/local/texlive/2016/texmf-dist/fonts/type1/public/amsfonts/cm/cmr10.pfb
></usr/local/texlive/2016/texmf-dist/fonts/type1/public/amsfonts/cm/cmr5.pfb></
usr/local/texlive/2016/texmf-dist/fonts/type1/public/amsfonts/cm/cmr6.pfb></usr
/local/texlive/2016/texmf-dist/fonts/type1/public/amsfonts/cm/cmr7.pfb></usr/lo
cal/texlive/2016/texmf-dist/fonts/type1/public/amsfonts/cm/cmr9.pfb></usr/local
/texlive/2016/texmf-dist/fonts/type1/public/amsfonts/cm/cmsy10.pfb></usr/local/
texlive/2016/texmf-dist/fonts/type1/public/amsfonts/cm/cmsy5.pfb></usr/local/te
xlive/2016/texmf-dist/fonts/type1/public/amsfonts/cm/cmsy7.pfb></usr/local/texl
ive/2016/texmf-dist/fonts/type1/public/amsfonts/cm/cmsy9.pfb></usr/local/texliv
e/2016/texmf-dist/fonts/type1/public/amsfonts/cm/cmti10.pfb></usr/local/texlive
/2016/texmf-dist/fonts/type1/public/amsfonts/cm/cmti9.pfb></usr/local/texlive/2
016/texmf-dist/fonts/type1/public/amsfonts/cm/cmtt9.pfb></usr/local/texlive/201
6/texmf-dist/fonts/type1/public/amsfonts/symbols/msam10.pfb>
Output written on typeinst.pdf (16 pages, 438074 bytes).
PDF statistics:
 241 PDF objects out of 1000 (max. 8388607)
 168 compressed objects within 2 object streams
 0 named destinations out of 1000 (max. 500000)
 71 words of extra memory for PDF output out of 10000 (max. 10000000)

